2023-12-20 21:10:18.155 INFO  [main] [n.f.k.KafkaRegulatorApplication] - Starting KafkaRegulatorApplication using Java 17.0.9 with PID 87657 (/Users/yongheelee/workspace/kafka-regulator/regulator/kafka-regulator/target/classes started by yongheelee in /Users/yongheelee/workspace/kafka-regulator/regulator/kafka-regulator)
2023-12-20 21:10:18.157 INFO  [main] [n.f.k.KafkaRegulatorApplication] - No active profile set, falling back to 1 default profile: "default"
2023-12-20 21:10:18.772 INFO  [main] [o.s.b.w.embedded.tomcat.TomcatWebServer] - Tomcat initialized with port 8080 (http)
2023-12-20 21:10:18.778 INFO  [main] [o.apache.coyote.http11.Http11NioProtocol] - Initializing ProtocolHandler ["http-nio-8080"]
2023-12-20 21:10:18.780 INFO  [main] [o.apache.catalina.core.StandardService] - Starting service [Tomcat]
2023-12-20 21:10:18.780 INFO  [main] [org.apache.catalina.core.StandardEngine] - Starting Servlet engine: [Apache Tomcat/10.1.16]
2023-12-20 21:10:18.821 INFO  [main] [o.a.c.c.C.[Tomcat].[localhost].[/]] - Initializing Spring embedded WebApplicationContext
2023-12-20 21:10:18.821 INFO  [main] [o.s.b.w.s.c.ServletWebServerApplicationContext] - Root WebApplicationContext: initialization completed in 620 ms
2023-12-20 21:10:19.022 WARN  [main] [o.s.b.w.s.c.AnnotationConfigServletWebServerApplicationContext] - Exception encountered during context initialization - cancelling refresh attempt: org.springframework.beans.factory.UnsatisfiedDependencyException: Error creating bean with name 'kafkaJmxMonitor': Unsatisfied dependency expressed through field 'mBeanServerConnection': Error creating bean with name 'jmxConnector' defined in class path resource [net/fatdog/kafkaregulator/config/JmxConfig.class]: Failed to instantiate [javax.management.MBeanServerConnection]: Factory method 'jmxConnector' threw exception with message: Kafka JMX 포트에 연결을 실패하였습니다.
2023-12-20 21:10:19.025 INFO  [main] [o.apache.catalina.core.StandardService] - Stopping service [Tomcat]
2023-12-20 21:10:19.036 INFO  [main] [o.s.b.a.l.ConditionEvaluationReportLogger] - 

Error starting ApplicationContext. To display the condition evaluation report re-run your application with 'debug' enabled.
2023-12-20 21:10:19.048 ERROR [main] [o.springframework.boot.SpringApplication] - Application run failed
org.springframework.beans.factory.UnsatisfiedDependencyException: Error creating bean with name 'kafkaJmxMonitor': Unsatisfied dependency expressed through field 'mBeanServerConnection': Error creating bean with name 'jmxConnector' defined in class path resource [net/fatdog/kafkaregulator/config/JmxConfig.class]: Failed to instantiate [javax.management.MBeanServerConnection]: Factory method 'jmxConnector' threw exception with message: Kafka JMX 포트에 연결을 실패하였습니다.
	at org.springframework.beans.factory.annotation.AutowiredAnnotationBeanPostProcessor$AutowiredFieldElement.resolveFieldValue(AutowiredAnnotationBeanPostProcessor.java:772)
	at org.springframework.beans.factory.annotation.AutowiredAnnotationBeanPostProcessor$AutowiredFieldElement.inject(AutowiredAnnotationBeanPostProcessor.java:752)
	at org.springframework.beans.factory.annotation.InjectionMetadata.inject(InjectionMetadata.java:145)
	at org.springframework.beans.factory.annotation.AutowiredAnnotationBeanPostProcessor.postProcessProperties(AutowiredAnnotationBeanPostProcessor.java:493)
	at org.springframework.beans.factory.support.AbstractAutowireCapableBeanFactory.populateBean(AbstractAutowireCapableBeanFactory.java:1420)
	at org.springframework.beans.factory.support.AbstractAutowireCapableBeanFactory.doCreateBean(AbstractAutowireCapableBeanFactory.java:600)
	at org.springframework.beans.factory.support.AbstractAutowireCapableBeanFactory.createBean(AbstractAutowireCapableBeanFactory.java:523)
	at org.springframework.beans.factory.support.AbstractBeanFactory.lambda$doGetBean$0(AbstractBeanFactory.java:325)
	at org.springframework.beans.factory.support.DefaultSingletonBeanRegistry.getSingleton(DefaultSingletonBeanRegistry.java:234)
	at org.springframework.beans.factory.support.AbstractBeanFactory.doGetBean(AbstractBeanFactory.java:323)
	at org.springframework.beans.factory.support.AbstractBeanFactory.getBean(AbstractBeanFactory.java:199)
	at org.springframework.beans.factory.support.DefaultListableBeanFactory.preInstantiateSingletons(DefaultListableBeanFactory.java:973)
	at org.springframework.context.support.AbstractApplicationContext.finishBeanFactoryInitialization(AbstractApplicationContext.java:946)
	at org.springframework.context.support.AbstractApplicationContext.refresh(AbstractApplicationContext.java:616)
	at org.springframework.boot.web.servlet.context.ServletWebServerApplicationContext.refresh(ServletWebServerApplicationContext.java:146)
	at org.springframework.boot.SpringApplication.refresh(SpringApplication.java:753)
	at org.springframework.boot.SpringApplication.refreshContext(SpringApplication.java:455)
	at org.springframework.boot.SpringApplication.run(SpringApplication.java:323)
	at org.springframework.boot.SpringApplication.run(SpringApplication.java:1342)
	at org.springframework.boot.SpringApplication.run(SpringApplication.java:1331)
	at net.fatdog.kafkaregulator.KafkaRegulatorApplication.main(KafkaRegulatorApplication.java:10)
Caused by: org.springframework.beans.factory.BeanCreationException: Error creating bean with name 'jmxConnector' defined in class path resource [net/fatdog/kafkaregulator/config/JmxConfig.class]: Failed to instantiate [javax.management.MBeanServerConnection]: Factory method 'jmxConnector' threw exception with message: Kafka JMX 포트에 연결을 실패하였습니다.
	at org.springframework.beans.factory.support.ConstructorResolver.instantiate(ConstructorResolver.java:655)
	at org.springframework.beans.factory.support.ConstructorResolver.instantiateUsingFactoryMethod(ConstructorResolver.java:489)
	at org.springframework.beans.factory.support.AbstractAutowireCapableBeanFactory.instantiateUsingFactoryMethod(AbstractAutowireCapableBeanFactory.java:1336)
	at org.springframework.beans.factory.support.AbstractAutowireCapableBeanFactory.createBeanInstance(AbstractAutowireCapableBeanFactory.java:1166)
	at org.springframework.beans.factory.support.AbstractAutowireCapableBeanFactory.doCreateBean(AbstractAutowireCapableBeanFactory.java:563)
	at org.springframework.beans.factory.support.AbstractAutowireCapableBeanFactory.createBean(AbstractAutowireCapableBeanFactory.java:523)
	at org.springframework.beans.factory.support.AbstractBeanFactory.lambda$doGetBean$0(AbstractBeanFactory.java:325)
	at org.springframework.beans.factory.support.DefaultSingletonBeanRegistry.getSingleton(DefaultSingletonBeanRegistry.java:234)
	at org.springframework.beans.factory.support.AbstractBeanFactory.doGetBean(AbstractBeanFactory.java:323)
	at org.springframework.beans.factory.support.AbstractBeanFactory.getBean(AbstractBeanFactory.java:199)
	at org.springframework.beans.factory.config.DependencyDescriptor.resolveCandidate(DependencyDescriptor.java:254)
	at org.springframework.beans.factory.support.DefaultListableBeanFactory.doResolveDependency(DefaultListableBeanFactory.java:1441)
	at org.springframework.beans.factory.support.DefaultListableBeanFactory.resolveDependency(DefaultListableBeanFactory.java:1348)
	at org.springframework.beans.factory.annotation.AutowiredAnnotationBeanPostProcessor$AutowiredFieldElement.resolveFieldValue(AutowiredAnnotationBeanPostProcessor.java:769)
	... 20 common frames omitted
Caused by: org.springframework.beans.BeanInstantiationException: Failed to instantiate [javax.management.MBeanServerConnection]: Factory method 'jmxConnector' threw exception with message: Kafka JMX 포트에 연결을 실패하였습니다.
	at org.springframework.beans.factory.support.SimpleInstantiationStrategy.instantiate(SimpleInstantiationStrategy.java:178)
	at org.springframework.beans.factory.support.ConstructorResolver.instantiate(ConstructorResolver.java:651)
	... 33 common frames omitted
Caused by: net.fatdog.kafkaregulator.exception.CustomException: Kafka JMX 포트에 연결을 실패하였습니다.
	at net.fatdog.kafkaregulator.config.JmxConfig.jmxConnector(JmxConfig.java:30)
	at net.fatdog.kafkaregulator.config.JmxConfig$$SpringCGLIB$$0.CGLIB$jmxConnector$0(<generated>)
	at net.fatdog.kafkaregulator.config.JmxConfig$$SpringCGLIB$$FastClass$$1.invoke(<generated>)
	at org.springframework.cglib.proxy.MethodProxy.invokeSuper(MethodProxy.java:258)
	at org.springframework.context.annotation.ConfigurationClassEnhancer$BeanMethodInterceptor.intercept(ConfigurationClassEnhancer.java:331)
	at net.fatdog.kafkaregulator.config.JmxConfig$$SpringCGLIB$$0.jmxConnector(<generated>)
	at java.base/jdk.internal.reflect.NativeMethodAccessorImpl.invoke0(Native Method)
	at java.base/jdk.internal.reflect.NativeMethodAccessorImpl.invoke(NativeMethodAccessorImpl.java:77)
	at java.base/jdk.internal.reflect.DelegatingMethodAccessorImpl.invoke(DelegatingMethodAccessorImpl.java:43)
	at java.base/java.lang.reflect.Method.invoke(Method.java:568)
	at org.springframework.beans.factory.support.SimpleInstantiationStrategy.instantiate(SimpleInstantiationStrategy.java:140)
	... 34 common frames omitted
2023-12-20 21:13:31.286 INFO  [main] [n.f.k.KafkaRegulatorApplication] - Starting KafkaRegulatorApplication using Java 17.0.9 with PID 87800 (/Users/yongheelee/workspace/kafka-regulator/regulator/kafka-regulator/target/classes started by yongheelee in /Users/yongheelee/workspace/kafka-regulator/regulator/kafka-regulator)
2023-12-20 21:13:31.287 INFO  [main] [n.f.k.KafkaRegulatorApplication] - No active profile set, falling back to 1 default profile: "default"
2023-12-20 21:13:31.915 INFO  [main] [o.s.b.w.embedded.tomcat.TomcatWebServer] - Tomcat initialized with port 8080 (http)
2023-12-20 21:13:31.923 INFO  [main] [o.apache.coyote.http11.Http11NioProtocol] - Initializing ProtocolHandler ["http-nio-8080"]
2023-12-20 21:13:31.924 INFO  [main] [o.apache.catalina.core.StandardService] - Starting service [Tomcat]
2023-12-20 21:13:31.925 INFO  [main] [org.apache.catalina.core.StandardEngine] - Starting Servlet engine: [Apache Tomcat/10.1.16]
2023-12-20 21:13:31.971 INFO  [main] [o.a.c.c.C.[Tomcat].[localhost].[/]] - Initializing Spring embedded WebApplicationContext
2023-12-20 21:13:31.971 INFO  [main] [o.s.b.w.s.c.ServletWebServerApplicationContext] - Root WebApplicationContext: initialization completed in 654 ms
2023-12-20 21:13:32.227 WARN  [main] [o.s.b.w.s.c.AnnotationConfigServletWebServerApplicationContext] - Exception encountered during context initialization - cancelling refresh attempt: org.springframework.beans.factory.UnsatisfiedDependencyException: Error creating bean with name 'kafkaJmxMonitor': Unsatisfied dependency expressed through field 'mBeanServerConnection': Error creating bean with name 'jmxConnector' defined in class path resource [net/fatdog/kafkaregulator/config/JmxConfig.class]: Failed to instantiate [javax.management.MBeanServerConnection]: Factory method 'jmxConnector' threw exception with message: Kafka JMX 포트에 연결을 실패하였습니다.
2023-12-20 21:13:32.229 INFO  [main] [o.apache.catalina.core.StandardService] - Stopping service [Tomcat]
2023-12-20 21:13:32.239 INFO  [main] [o.s.b.a.l.ConditionEvaluationReportLogger] - 

Error starting ApplicationContext. To display the condition evaluation report re-run your application with 'debug' enabled.
2023-12-20 21:13:32.252 ERROR [main] [o.springframework.boot.SpringApplication] - Application run failed
org.springframework.beans.factory.UnsatisfiedDependencyException: Error creating bean with name 'kafkaJmxMonitor': Unsatisfied dependency expressed through field 'mBeanServerConnection': Error creating bean with name 'jmxConnector' defined in class path resource [net/fatdog/kafkaregulator/config/JmxConfig.class]: Failed to instantiate [javax.management.MBeanServerConnection]: Factory method 'jmxConnector' threw exception with message: Kafka JMX 포트에 연결을 실패하였습니다.
	at org.springframework.beans.factory.annotation.AutowiredAnnotationBeanPostProcessor$AutowiredFieldElement.resolveFieldValue(AutowiredAnnotationBeanPostProcessor.java:772)
	at org.springframework.beans.factory.annotation.AutowiredAnnotationBeanPostProcessor$AutowiredFieldElement.inject(AutowiredAnnotationBeanPostProcessor.java:752)
	at org.springframework.beans.factory.annotation.InjectionMetadata.inject(InjectionMetadata.java:145)
	at org.springframework.beans.factory.annotation.AutowiredAnnotationBeanPostProcessor.postProcessProperties(AutowiredAnnotationBeanPostProcessor.java:493)
	at org.springframework.beans.factory.support.AbstractAutowireCapableBeanFactory.populateBean(AbstractAutowireCapableBeanFactory.java:1420)
	at org.springframework.beans.factory.support.AbstractAutowireCapableBeanFactory.doCreateBean(AbstractAutowireCapableBeanFactory.java:600)
	at org.springframework.beans.factory.support.AbstractAutowireCapableBeanFactory.createBean(AbstractAutowireCapableBeanFactory.java:523)
	at org.springframework.beans.factory.support.AbstractBeanFactory.lambda$doGetBean$0(AbstractBeanFactory.java:325)
	at org.springframework.beans.factory.support.DefaultSingletonBeanRegistry.getSingleton(DefaultSingletonBeanRegistry.java:234)
	at org.springframework.beans.factory.support.AbstractBeanFactory.doGetBean(AbstractBeanFactory.java:323)
	at org.springframework.beans.factory.support.AbstractBeanFactory.getBean(AbstractBeanFactory.java:199)
	at org.springframework.beans.factory.support.DefaultListableBeanFactory.preInstantiateSingletons(DefaultListableBeanFactory.java:973)
	at org.springframework.context.support.AbstractApplicationContext.finishBeanFactoryInitialization(AbstractApplicationContext.java:946)
	at org.springframework.context.support.AbstractApplicationContext.refresh(AbstractApplicationContext.java:616)
	at org.springframework.boot.web.servlet.context.ServletWebServerApplicationContext.refresh(ServletWebServerApplicationContext.java:146)
	at org.springframework.boot.SpringApplication.refresh(SpringApplication.java:753)
	at org.springframework.boot.SpringApplication.refreshContext(SpringApplication.java:455)
	at org.springframework.boot.SpringApplication.run(SpringApplication.java:323)
	at org.springframework.boot.SpringApplication.run(SpringApplication.java:1342)
	at org.springframework.boot.SpringApplication.run(SpringApplication.java:1331)
	at net.fatdog.kafkaregulator.KafkaRegulatorApplication.main(KafkaRegulatorApplication.java:10)
Caused by: org.springframework.beans.factory.BeanCreationException: Error creating bean with name 'jmxConnector' defined in class path resource [net/fatdog/kafkaregulator/config/JmxConfig.class]: Failed to instantiate [javax.management.MBeanServerConnection]: Factory method 'jmxConnector' threw exception with message: Kafka JMX 포트에 연결을 실패하였습니다.
	at org.springframework.beans.factory.support.ConstructorResolver.instantiate(ConstructorResolver.java:655)
	at org.springframework.beans.factory.support.ConstructorResolver.instantiateUsingFactoryMethod(ConstructorResolver.java:489)
	at org.springframework.beans.factory.support.AbstractAutowireCapableBeanFactory.instantiateUsingFactoryMethod(AbstractAutowireCapableBeanFactory.java:1336)
	at org.springframework.beans.factory.support.AbstractAutowireCapableBeanFactory.createBeanInstance(AbstractAutowireCapableBeanFactory.java:1166)
	at org.springframework.beans.factory.support.AbstractAutowireCapableBeanFactory.doCreateBean(AbstractAutowireCapableBeanFactory.java:563)
	at org.springframework.beans.factory.support.AbstractAutowireCapableBeanFactory.createBean(AbstractAutowireCapableBeanFactory.java:523)
	at org.springframework.beans.factory.support.AbstractBeanFactory.lambda$doGetBean$0(AbstractBeanFactory.java:325)
	at org.springframework.beans.factory.support.DefaultSingletonBeanRegistry.getSingleton(DefaultSingletonBeanRegistry.java:234)
	at org.springframework.beans.factory.support.AbstractBeanFactory.doGetBean(AbstractBeanFactory.java:323)
	at org.springframework.beans.factory.support.AbstractBeanFactory.getBean(AbstractBeanFactory.java:199)
	at org.springframework.beans.factory.config.DependencyDescriptor.resolveCandidate(DependencyDescriptor.java:254)
	at org.springframework.beans.factory.support.DefaultListableBeanFactory.doResolveDependency(DefaultListableBeanFactory.java:1441)
	at org.springframework.beans.factory.support.DefaultListableBeanFactory.resolveDependency(DefaultListableBeanFactory.java:1348)
	at org.springframework.beans.factory.annotation.AutowiredAnnotationBeanPostProcessor$AutowiredFieldElement.resolveFieldValue(AutowiredAnnotationBeanPostProcessor.java:769)
	... 20 common frames omitted
Caused by: org.springframework.beans.BeanInstantiationException: Failed to instantiate [javax.management.MBeanServerConnection]: Factory method 'jmxConnector' threw exception with message: Kafka JMX 포트에 연결을 실패하였습니다.
	at org.springframework.beans.factory.support.SimpleInstantiationStrategy.instantiate(SimpleInstantiationStrategy.java:178)
	at org.springframework.beans.factory.support.ConstructorResolver.instantiate(ConstructorResolver.java:651)
	... 33 common frames omitted
Caused by: net.fatdog.kafkaregulator.exception.CustomException: Kafka JMX 포트에 연결을 실패하였습니다.
	at net.fatdog.kafkaregulator.config.JmxConfig.jmxConnector(JmxConfig.java:32)
	at net.fatdog.kafkaregulator.config.JmxConfig$$SpringCGLIB$$0.CGLIB$jmxConnector$0(<generated>)
	at net.fatdog.kafkaregulator.config.JmxConfig$$SpringCGLIB$$FastClass$$1.invoke(<generated>)
	at org.springframework.cglib.proxy.MethodProxy.invokeSuper(MethodProxy.java:258)
	at org.springframework.context.annotation.ConfigurationClassEnhancer$BeanMethodInterceptor.intercept(ConfigurationClassEnhancer.java:331)
	at net.fatdog.kafkaregulator.config.JmxConfig$$SpringCGLIB$$0.jmxConnector(<generated>)
	at java.base/jdk.internal.reflect.NativeMethodAccessorImpl.invoke0(Native Method)
	at java.base/jdk.internal.reflect.NativeMethodAccessorImpl.invoke(NativeMethodAccessorImpl.java:77)
	at java.base/jdk.internal.reflect.DelegatingMethodAccessorImpl.invoke(DelegatingMethodAccessorImpl.java:43)
	at java.base/java.lang.reflect.Method.invoke(Method.java:568)
	at org.springframework.beans.factory.support.SimpleInstantiationStrategy.instantiate(SimpleInstantiationStrategy.java:140)
	... 34 common frames omitted
2023-12-20 21:14:16.191 INFO  [main] [n.f.k.KafkaRegulatorApplication] - Starting KafkaRegulatorApplication using Java 17.0.9 with PID 87854 (/Users/yongheelee/workspace/kafka-regulator/regulator/kafka-regulator/target/classes started by yongheelee in /Users/yongheelee/workspace/kafka-regulator/regulator/kafka-regulator)
2023-12-20 21:14:16.193 INFO  [main] [n.f.k.KafkaRegulatorApplication] - No active profile set, falling back to 1 default profile: "default"
2023-12-20 21:14:16.791 INFO  [main] [o.s.b.w.embedded.tomcat.TomcatWebServer] - Tomcat initialized with port 8080 (http)
2023-12-20 21:14:16.797 INFO  [main] [o.apache.coyote.http11.Http11NioProtocol] - Initializing ProtocolHandler ["http-nio-8080"]
2023-12-20 21:14:16.798 INFO  [main] [o.apache.catalina.core.StandardService] - Starting service [Tomcat]
2023-12-20 21:14:16.799 INFO  [main] [org.apache.catalina.core.StandardEngine] - Starting Servlet engine: [Apache Tomcat/10.1.16]
2023-12-20 21:14:16.839 INFO  [main] [o.a.c.c.C.[Tomcat].[localhost].[/]] - Initializing Spring embedded WebApplicationContext
2023-12-20 21:14:16.839 INFO  [main] [o.s.b.w.s.c.ServletWebServerApplicationContext] - Root WebApplicationContext: initialization completed in 617 ms
2023-12-20 21:14:17.069 INFO  [main] [o.apache.coyote.http11.Http11NioProtocol] - Starting ProtocolHandler ["http-nio-8080"]
2023-12-20 21:14:17.096 INFO  [main] [o.s.b.w.embedded.tomcat.TomcatWebServer] - Tomcat started on port 8080 (http) with context path ''
2023-12-20 21:14:17.104 INFO  [main] [n.f.k.KafkaRegulatorApplication] - Started KafkaRegulatorApplication in 1.247 seconds (process running for 1.491)
2023-12-20 21:14:17.107 INFO  [scheduling-1] [n.f.kafkaregulator.task.ScheduledTasks] - Periodical Task...
2023-12-20 21:14:22.104 INFO  [scheduling-1] [n.f.kafkaregulator.task.ScheduledTasks] - Periodical Task...
2023-12-20 21:14:27.104 INFO  [scheduling-1] [n.f.kafkaregulator.task.ScheduledTasks] - Periodical Task...
2023-12-20 21:14:32.104 INFO  [scheduling-1] [n.f.kafkaregulator.task.ScheduledTasks] - Periodical Task...
2023-12-20 21:14:37.105 INFO  [scheduling-1] [n.f.kafkaregulator.task.ScheduledTasks] - Periodical Task...
2023-12-20 21:14:42.107 INFO  [scheduling-1] [n.f.kafkaregulator.task.ScheduledTasks] - Periodical Task...
2023-12-20 21:14:47.104 INFO  [scheduling-1] [n.f.kafkaregulator.task.ScheduledTasks] - Periodical Task...
2023-12-20 21:14:52.103 INFO  [scheduling-1] [n.f.kafkaregulator.task.ScheduledTasks] - Periodical Task...
2023-12-20 21:14:57.108 INFO  [scheduling-1] [n.f.kafkaregulator.task.ScheduledTasks] - Periodical Task...
2023-12-20 21:15:02.106 INFO  [scheduling-1] [n.f.kafkaregulator.task.ScheduledTasks] - Periodical Task...
2023-12-20 21:15:07.104 INFO  [scheduling-1] [n.f.kafkaregulator.task.ScheduledTasks] - Periodical Task...
2023-12-20 21:15:12.104 INFO  [scheduling-1] [n.f.kafkaregulator.task.ScheduledTasks] - Periodical Task...
2023-12-20 21:15:17.103 INFO  [scheduling-1] [n.f.kafkaregulator.task.ScheduledTasks] - Periodical Task...
2023-12-20 21:15:22.104 INFO  [scheduling-1] [n.f.kafkaregulator.task.ScheduledTasks] - Periodical Task...
2023-12-20 21:15:27.103 INFO  [scheduling-1] [n.f.kafkaregulator.task.ScheduledTasks] - Periodical Task...
2023-12-20 21:15:32.106 INFO  [scheduling-1] [n.f.kafkaregulator.task.ScheduledTasks] - Periodical Task...
2023-12-20 21:15:37.107 INFO  [scheduling-1] [n.f.kafkaregulator.task.ScheduledTasks] - Periodical Task...
2023-12-20 21:15:42.105 INFO  [scheduling-1] [n.f.kafkaregulator.task.ScheduledTasks] - Periodical Task...
2023-12-20 21:15:47.103 INFO  [scheduling-1] [n.f.kafkaregulator.task.ScheduledTasks] - Periodical Task...
2023-12-20 21:15:52.105 INFO  [scheduling-1] [n.f.kafkaregulator.task.ScheduledTasks] - Periodical Task...
2023-12-20 21:15:57.104 INFO  [scheduling-1] [n.f.kafkaregulator.task.ScheduledTasks] - Periodical Task...
2023-12-20 21:16:02.103 INFO  [scheduling-1] [n.f.kafkaregulator.task.ScheduledTasks] - Periodical Task...
2023-12-20 21:16:07.103 INFO  [scheduling-1] [n.f.kafkaregulator.task.ScheduledTasks] - Periodical Task...
2023-12-20 21:16:12.103 INFO  [scheduling-1] [n.f.kafkaregulator.task.ScheduledTasks] - Periodical Task...
2023-12-20 21:16:17.103 INFO  [scheduling-1] [n.f.kafkaregulator.task.ScheduledTasks] - Periodical Task...
2023-12-20 21:16:22.105 INFO  [scheduling-1] [n.f.kafkaregulator.task.ScheduledTasks] - Periodical Task...
2023-12-20 21:16:27.105 INFO  [scheduling-1] [n.f.kafkaregulator.task.ScheduledTasks] - Periodical Task...
2023-12-20 21:16:32.105 INFO  [scheduling-1] [n.f.kafkaregulator.task.ScheduledTasks] - Periodical Task...
2023-12-20 21:16:37.103 INFO  [scheduling-1] [n.f.kafkaregulator.task.ScheduledTasks] - Periodical Task...
2023-12-20 21:16:42.102 INFO  [scheduling-1] [n.f.kafkaregulator.task.ScheduledTasks] - Periodical Task...
2023-12-20 21:16:47.107 INFO  [scheduling-1] [n.f.kafkaregulator.task.ScheduledTasks] - Periodical Task...
2023-12-20 21:16:52.107 INFO  [scheduling-1] [n.f.kafkaregulator.task.ScheduledTasks] - Periodical Task...
2023-12-20 21:16:57.105 INFO  [scheduling-1] [n.f.kafkaregulator.task.ScheduledTasks] - Periodical Task...
2023-12-20 21:17:02.106 INFO  [scheduling-1] [n.f.kafkaregulator.task.ScheduledTasks] - Periodical Task...
2023-12-20 21:17:07.105 INFO  [scheduling-1] [n.f.kafkaregulator.task.ScheduledTasks] - Periodical Task...
2023-12-20 21:17:12.104 INFO  [scheduling-1] [n.f.kafkaregulator.task.ScheduledTasks] - Periodical Task...
2023-12-20 21:17:17.103 INFO  [scheduling-1] [n.f.kafkaregulator.task.ScheduledTasks] - Periodical Task...
2023-12-20 21:17:22.105 INFO  [scheduling-1] [n.f.kafkaregulator.task.ScheduledTasks] - Periodical Task...
2023-12-20 21:17:27.103 INFO  [scheduling-1] [n.f.kafkaregulator.task.ScheduledTasks] - Periodical Task...
2023-12-20 21:17:32.102 INFO  [scheduling-1] [n.f.kafkaregulator.task.ScheduledTasks] - Periodical Task...
2023-12-20 21:17:37.104 INFO  [scheduling-1] [n.f.kafkaregulator.task.ScheduledTasks] - Periodical Task...
2023-12-20 21:17:42.102 INFO  [scheduling-1] [n.f.kafkaregulator.task.ScheduledTasks] - Periodical Task...
2023-12-20 21:17:47.105 INFO  [scheduling-1] [n.f.kafkaregulator.task.ScheduledTasks] - Periodical Task...
2023-12-20 21:17:52.102 INFO  [scheduling-1] [n.f.kafkaregulator.task.ScheduledTasks] - Periodical Task...
2023-12-20 21:17:57.103 INFO  [scheduling-1] [n.f.kafkaregulator.task.ScheduledTasks] - Periodical Task...
2023-12-20 21:18:02.102 INFO  [scheduling-1] [n.f.kafkaregulator.task.ScheduledTasks] - Periodical Task...
2023-12-20 21:18:07.102 INFO  [scheduling-1] [n.f.kafkaregulator.task.ScheduledTasks] - Periodical Task...
2023-12-20 21:18:12.105 INFO  [scheduling-1] [n.f.kafkaregulator.task.ScheduledTasks] - Periodical Task...
2023-12-20 21:18:17.105 INFO  [scheduling-1] [n.f.kafkaregulator.task.ScheduledTasks] - Periodical Task...
2023-12-20 21:18:22.104 INFO  [scheduling-1] [n.f.kafkaregulator.task.ScheduledTasks] - Periodical Task...
2023-12-20 21:18:27.102 INFO  [scheduling-1] [n.f.kafkaregulator.task.ScheduledTasks] - Periodical Task...
2023-12-20 21:18:32.104 INFO  [scheduling-1] [n.f.kafkaregulator.task.ScheduledTasks] - Periodical Task...
2023-12-20 21:18:37.102 INFO  [scheduling-1] [n.f.kafkaregulator.task.ScheduledTasks] - Periodical Task...
2023-12-20 22:02:18.906 INFO  [main] [n.f.k.KafkaRegulatorApplication] - Starting KafkaRegulatorApplication using Java 17.0.9 with PID 89930 (/Users/yongheelee/workspace/kafka-regulator/regulator/kafka-regulator/target/classes started by yongheelee in /Users/yongheelee/workspace/kafka-regulator/regulator/kafka-regulator)
2023-12-20 22:02:18.908 INFO  [main] [n.f.k.KafkaRegulatorApplication] - No active profile set, falling back to 1 default profile: "default"
2023-12-20 22:02:19.515 INFO  [main] [o.s.b.w.embedded.tomcat.TomcatWebServer] - Tomcat initialized with port 8080 (http)
2023-12-20 22:02:19.521 INFO  [main] [o.apache.coyote.http11.Http11NioProtocol] - Initializing ProtocolHandler ["http-nio-8080"]
2023-12-20 22:02:19.522 INFO  [main] [o.apache.catalina.core.StandardService] - Starting service [Tomcat]
2023-12-20 22:02:19.522 INFO  [main] [org.apache.catalina.core.StandardEngine] - Starting Servlet engine: [Apache Tomcat/10.1.16]
2023-12-20 22:02:19.562 INFO  [main] [o.a.c.c.C.[Tomcat].[localhost].[/]] - Initializing Spring embedded WebApplicationContext
2023-12-20 22:02:19.562 INFO  [main] [o.s.b.w.s.c.ServletWebServerApplicationContext] - Root WebApplicationContext: initialization completed in 625 ms
2023-12-20 22:02:19.792 INFO  [main] [o.apache.coyote.http11.Http11NioProtocol] - Starting ProtocolHandler ["http-nio-8080"]
2023-12-20 22:02:19.819 INFO  [main] [o.s.b.w.embedded.tomcat.TomcatWebServer] - Tomcat started on port 8080 (http) with context path ''
2023-12-20 22:02:19.827 INFO  [main] [n.f.k.KafkaRegulatorApplication] - Started KafkaRegulatorApplication in 1.258 seconds (process running for 1.522)
2023-12-20 22:02:19.830 INFO  [scheduling-1] [n.f.kafkaregulator.task.ScheduledTasks] - Periodical Task...
2023-12-20 22:02:24.826 INFO  [scheduling-1] [n.f.kafkaregulator.task.ScheduledTasks] - Periodical Task...
2023-12-20 22:02:29.827 INFO  [scheduling-1] [n.f.kafkaregulator.task.ScheduledTasks] - Periodical Task...
2023-12-20 22:02:34.829 INFO  [scheduling-1] [n.f.kafkaregulator.task.ScheduledTasks] - Periodical Task...
2023-12-20 22:02:39.831 INFO  [scheduling-1] [n.f.kafkaregulator.task.ScheduledTasks] - Periodical Task...
2023-12-20 22:02:44.827 INFO  [scheduling-1] [n.f.kafkaregulator.task.ScheduledTasks] - Periodical Task...
2023-12-20 22:02:49.827 INFO  [scheduling-1] [n.f.kafkaregulator.task.ScheduledTasks] - Periodical Task...
2023-12-20 22:02:54.827 INFO  [scheduling-1] [n.f.kafkaregulator.task.ScheduledTasks] - Periodical Task...
2023-12-20 22:02:59.826 INFO  [scheduling-1] [n.f.kafkaregulator.task.ScheduledTasks] - Periodical Task...
2023-12-20 22:03:04.831 INFO  [scheduling-1] [n.f.kafkaregulator.task.ScheduledTasks] - Periodical Task...
2023-12-20 22:09:33.166 INFO  [main] [n.f.k.KafkaRegulatorApplication] - Starting KafkaRegulatorApplication using Java 17.0.9 with PID 90206 (/Users/yongheelee/workspace/kafka-regulator/regulator/kafka-regulator/target/classes started by yongheelee in /Users/yongheelee/workspace/kafka-regulator/regulator/kafka-regulator)
2023-12-20 22:09:33.167 INFO  [main] [n.f.k.KafkaRegulatorApplication] - No active profile set, falling back to 1 default profile: "default"
2023-12-20 22:09:33.799 INFO  [main] [o.s.b.w.embedded.tomcat.TomcatWebServer] - Tomcat initialized with port 8080 (http)
2023-12-20 22:09:33.805 INFO  [main] [o.apache.coyote.http11.Http11NioProtocol] - Initializing ProtocolHandler ["http-nio-8080"]
2023-12-20 22:09:33.807 INFO  [main] [o.apache.catalina.core.StandardService] - Starting service [Tomcat]
2023-12-20 22:09:33.807 INFO  [main] [org.apache.catalina.core.StandardEngine] - Starting Servlet engine: [Apache Tomcat/10.1.16]
2023-12-20 22:09:33.847 INFO  [main] [o.a.c.c.C.[Tomcat].[localhost].[/]] - Initializing Spring embedded WebApplicationContext
2023-12-20 22:09:33.847 INFO  [main] [o.s.b.w.s.c.ServletWebServerApplicationContext] - Root WebApplicationContext: initialization completed in 640 ms
2023-12-20 22:09:34.073 INFO  [main] [o.apache.coyote.http11.Http11NioProtocol] - Starting ProtocolHandler ["http-nio-8080"]
2023-12-20 22:09:34.100 INFO  [main] [o.s.b.w.embedded.tomcat.TomcatWebServer] - Tomcat started on port 8080 (http) with context path ''
2023-12-20 22:09:34.108 INFO  [main] [n.f.k.KafkaRegulatorApplication] - Started KafkaRegulatorApplication in 1.299 seconds (process running for 1.546)
2023-12-20 22:09:34.112 INFO  [scheduling-1] [n.f.kafkaregulator.task.ScheduledTasks] - Periodical Task...
2023-12-20 22:09:34.301 INFO  [scheduling-1] [n.f.kafkaregulator.task.ScheduledTasks] - Not yet.
2023-12-20 22:09:39.110 INFO  [scheduling-1] [n.f.kafkaregulator.task.ScheduledTasks] - Periodical Task...
2023-12-20 22:09:39.111 INFO  [scheduling-1] [n.f.kafkaregulator.task.ScheduledTasks] - Not yet.
2023-12-20 22:09:44.109 INFO  [scheduling-1] [n.f.kafkaregulator.task.ScheduledTasks] - Periodical Task...
2023-12-20 22:09:44.110 INFO  [scheduling-1] [n.f.kafkaregulator.task.ScheduledTasks] - Not yet.
2023-12-20 22:09:49.110 INFO  [scheduling-1] [n.f.kafkaregulator.task.ScheduledTasks] - Periodical Task...
2023-12-20 22:09:49.111 INFO  [scheduling-1] [n.f.kafkaregulator.task.ScheduledTasks] - Not yet.
